
>>>>>>>>>>>>>>>>>>>>>>>>>>>>>>>>>>>>>>>>>>>>>>>>>>>>>>>>>>>>>>>>>>>>>>

      ANSWER KEY 

ID:             DEV-MUC3-0006
INCIDENT:       ATTACK
WEAPON:         -
PERP_INDIV:     -
PERP_ORG:       -
TARGET:         STORES
                ELECTRIC TOWERS
VICTIM:         -

      SYSTEM OUTPUT 

ID:             DEV-MUC3-0006
INCIDENT:       ATTACK
WEAPON:         ARTILLERY FIRE
                EXPLOSIONS
PERP_INDIV:     -
PERP_ORG:       -
TARGET:         ELECTRIC TOWERS
                REBEL POSITIONS
VICTIM:         -

     SCORES for DEV-MUC3-0006

                RECALL             PRECISION          F-MEASURE
Incident        1.00 (1/1)	   1.00 (1/1)         1.00
Weapons         0.00 (0/0)	   0.00 (0/2)         0.00
Perp_Ind        0.00 (0/0)	   0.00 (0/0)         0.00
Perp_Org        0.00 (0/0)	   0.00 (0/0)         0.00
Targets         0.50 (1/2)	   0.50 (1/2)         0.50
Victims         0.00 (0/0)	   0.00 (0/0)         0.00
--------        --------------     --------------     ----
TOTAL           0.67 (2/3)	   0.40 (2/5)         0.50

>>>>>>>>>>>>>>>>>>>>>>>>>>>>>>>>>>>>>>>>>>>>>>>>>>>>>>>>>>>>>>>>>>>>>>

      ANSWER KEY 

ID:             DEV-MUC3-0012
INCIDENT:       ATTACK
WEAPON:         -
PERP_INDIV:     SUBVERSIVES / GROUP OF SUBVERSIVES
PERP_ORG:       -
TARGET:         -
VICTIM:         ENRIQUE LOPEZ ALBUJAR

      SYSTEM OUTPUT 

ID:             DEV-MUC3-0012
INCIDENT:       BOMBING
WEAPON:         -
PERP_INDIV:     -
PERP_ORG:       -
TARGET:         -
VICTIM:         ENRIQUE LOPEZ ALBUJAR

     SCORES for DEV-MUC3-0012

                RECALL             PRECISION          F-MEASURE
Incident        0.00 (0/1)	   0.00 (0/1)         0.00
Weapons         0.00 (0/0)	   0.00 (0/0)         0.00
Perp_Ind        0.00 (0/1)	   0.00 (0/0)         0.00
Perp_Org        0.00 (0/0)	   0.00 (0/0)         0.00
Targets         0.00 (0/0)	   0.00 (0/0)         0.00
Victims         1.00 (1/1)	   1.00 (1/1)         1.00
--------        --------------     --------------     ----
TOTAL           0.33 (1/3)	   0.50 (1/2)         0.40

>>>>>>>>>>>>>>>>>>>>>>>>>>>>>>>>>>>>>>>>>>>>>>>>>>>>>>>>>>>>>>>>>>>>>>

      ANSWER KEY 

ID:             DEV-MUC3-0014
INCIDENT:       ATTACK
WEAPON:         MACHINE-GUN
PERP_INDIV:     MEMBERS OF THE ARMED FORCES / MEMBERS OF THE ARMED FORCES
                MORE THAN SEVEN PEOPLE
                TWO DIFFERENT GROUPS
PERP_ORG:       ARMED FORCES
TARGET:         -
VICTIM:         JESUITS / CLERGYMEN
                MAIDS

      SYSTEM OUTPUT 

ID:             DEV-MUC3-0014
INCIDENT:       ATTACK
WEAPON:         MACHINE-GUN
PERP_INDIV:     MULTIPLE CRIME
PERP_ORG:       -
TARGET:         -
VICTIM:         CLERGYMEN

     SCORES for DEV-MUC3-0014

                RECALL             PRECISION          F-MEASURE
Incident        1.00 (1/1)	   1.00 (1/1)         1.00
Weapons         1.00 (1/1)	   1.00 (1/1)         1.00
Perp_Ind        0.00 (0/3)	   0.00 (0/1)         0.00
Perp_Org        0.00 (0/1)	   0.00 (0/0)         0.00
Targets         0.00 (0/0)	   0.00 (0/0)         0.00
Victims         0.50 (1/2)	   1.00 (1/1)         0.67
--------        --------------     --------------     ----
TOTAL           0.38 (3/8)	   0.75 (3/4)         0.50

>>>>>>>>>>>>>>>>>>>>>>>>>>>>>>>>>>>>>>>>>>>>>>>>>>>>>>>>>>>>>>>>>>>>>>

      ANSWER KEY 

ID:             DEV-MUC3-0023
INCIDENT:       ATTACK
WEAPON:         -
PERP_INDIV:     16 SUSPECTS
PERP_ORG:       TUPAC AMARU REVOLUTIONARY MOVEMENT / MRTA
                SHINING PATH
TARGET:         -
VICTIM:         ENRIQUE LOPEZ ALBUJAR

      SYSTEM OUTPUT 

ID:             DEV-MUC3-0023
INCIDENT:       ROBBERY
WEAPON:         -
PERP_INDIV:     16 SUSPECTS
PERP_ORG:       MRTA
                SHINING PATH
TARGET:         -
VICTIM:         -

     SCORES for DEV-MUC3-0023

                RECALL             PRECISION          F-MEASURE
Incident        0.00 (0/1)	   0.00 (0/1)         0.00
Weapons         0.00 (0/0)	   0.00 (0/0)         0.00
Perp_Ind        1.00 (1/1)	   1.00 (1/1)         1.00
Perp_Org        1.00 (2/2)	   1.00 (2/2)         1.00
Targets         0.00 (0/0)	   0.00 (0/0)         0.00
Victims         0.00 (0/1)	   0.00 (0/0)         0.00
--------        --------------     --------------     ----
TOTAL           0.60 (3/5)	   0.75 (3/4)         0.67

>>>>>>>>>>>>>>>>>>>>>>>>>>>>>>>>>>>>>>>>>>>>>>>>>>>>>>>>>>>>>>>>>>>>>>

      ANSWER KEY 

ID:             DEV-MUC3-0025
INCIDENT:       KIDNAPPING
WEAPON:         -
PERP_INDIV:     HEAVILY ARMED MEN
PERP_ORG:       -
TARGET:         -
VICTIM:         HECTOR OQUELI COLINDRES
                GILDA FLORES

      SYSTEM OUTPUT 

ID:             DEV-MUC3-0025
INCIDENT:       KIDNAPPING
WEAPON:         -
PERP_INDIV:     MEN
PERP_ORG:       -
TARGET:         -
VICTIM:         WE

     SCORES for DEV-MUC3-0025

                RECALL             PRECISION          F-MEASURE
Incident        1.00 (1/1)	   1.00 (1/1)         1.00
Weapons         0.00 (0/0)	   0.00 (0/0)         0.00
Perp_Ind        0.00 (0/1)	   0.00 (0/1)         0.00
Perp_Org        0.00 (0/0)	   0.00 (0/0)         0.00
Targets         0.00 (0/0)	   0.00 (0/0)         0.00
Victims         0.00 (0/2)	   0.00 (0/1)         0.00
--------        --------------     --------------     ----
TOTAL           0.25 (1/4)	   0.33 (1/3)         0.29

>>>>>>>>>>>>>>>>>>>>>>>>>>>>>>>>>>>>>>>>>>>>>>>>>>>>>>>>>>>>>>>>>>>>>>


     SCORES for ALL Templates

                RECALL             PRECISION          F-MEASURE
Incident        0.60 (3/5)	   0.60 (3/5)         0.60
Weapons         1.00 (1/1)	   0.33 (1/3)         0.50
Perp_Ind        0.17 (1/6)	   0.33 (1/3)         0.22
Perp_Org        0.67 (2/3)	   1.00 (2/2)         0.80
Targets         0.50 (1/2)	   0.50 (1/2)         0.50
Victims         0.33 (2/6)	   0.67 (2/3)         0.44
--------        --------------     --------------     ----
TOTAL           0.43 (10/23)	   0.56 (10/18)       0.49
